mai. 08, 2025 10:30:12 AM liquibase.changelog
INFO: Reading resource: db/changelog/migrations/db.changelog-202408191938.sql
mai. 08, 2025 10:30:12 AM liquibase.changelog
INFO: Reading resource: db/changelog/migrations/db.changelog-202408210954.sql
mai. 08, 2025 10:30:12 AM liquibase.changelog
INFO: Reading resource: db/changelog/migrations/db.changelog-202408211004.sql
mai. 08, 2025 10:30:12 AM liquibase.changelog
INFO: Reading resource: db/changelog/migrations/db.changelog-202408211005.sql
mai. 08, 2025 10:30:12 AM liquibase.changelog
INFO: Reading resource: db/changelog/migrations/db.changelog-202408281807.sql
mai. 08, 2025 10:30:12 AM liquibase.changelog
INFO: Reading from board.databasechangelog
Database is up to date, no changesets to execute
mai. 08, 2025 10:30:12 AM liquibase.changelog
INFO: Reading from board.databasechangelog

UPDATE SUMMARY
Run:                          0
Previously run:               5
Filtered out:                 0
-------------------------------
Total change sets:            5

mai. 08, 2025 10:30:12 AM liquibase.util
INFO: UPDATE SUMMARY
mai. 08, 2025 10:30:12 AM liquibase.util
INFO: Run:                          0
mai. 08, 2025 10:30:12 AM liquibase.util
INFO: Previously run:               5
mai. 08, 2025 10:30:12 AM liquibase.util
INFO: Filtered out:                 0
mai. 08, 2025 10:30:12 AM liquibase.util
INFO: -------------------------------
mai. 08, 2025 10:30:12 AM liquibase.util
INFO: Total change sets:            5
mai. 08, 2025 10:30:12 AM liquibase.util
INFO: Update summary generated
mai. 08, 2025 10:30:12 AM liquibase.lockservice
INFO: Successfully released change log lock
mai. 08, 2025 10:30:12 AM liquibase.command
INFO: Command execution complete
